{
    "/Users/rrozenv/Desktop/hedge_api/environment.ts": {
        "path": "/Users/rrozenv/Desktop/hedge_api/environment.ts",
        "statementMap": {
            "0": {
                "start": {
                    "line": 1,
                    "column": 0
                },
                "end": {
                    "line": 6,
                    "column": null
                }
            },
            "1": {
                "start": {
                    "line": 2,
                    "column": 3
                },
                "end": {
                    "line": 2,
                    "column": 31
                }
            },
            "2": {
                "start": {
                    "line": 3,
                    "column": 3
                },
                "end": {
                    "line": 3,
                    "column": 34
                }
            },
            "3": {
                "start": {
                    "line": 4,
                    "column": 3
                },
                "end": {
                    "line": 4,
                    "column": 40
                }
            },
            "4": {
                "start": {
                    "line": 5,
                    "column": 3
                },
                "end": {
                    "line": 5,
                    "column": 38
                }
            }
        },
        "fnMap": {
            "0": {
                "name": "(anonymous_0)",
                "decl": {
                    "start": {
                        "line": 1,
                        "column": 17
                    },
                    "end": {
                        "line": 1,
                        "column": 20
                    }
                },
                "loc": {
                    "start": {
                        "line": 1,
                        "column": 22
                    },
                    "end": {
                        "line": 6,
                        "column": 1
                    }
                }
            }
        },
        "branchMap": {},
        "s": {
            "0": 2,
            "1": 2,
            "2": 2,
            "3": 2,
            "4": 2
        },
        "f": {
            "0": 2
        },
        "b": {}
    },
    "/Users/rrozenv/Desktop/hedge_api/controllers/AppController.ts": {
        "path": "/Users/rrozenv/Desktop/hedge_api/controllers/AppController.ts",
        "statementMap": {
            "0": {
                "start": {
                    "line": 2,
                    "column": 0
                },
                "end": {
                    "line": 2,
                    "column": 32
                }
            },
            "1": {
                "start": {
                    "line": 3,
                    "column": 0
                },
                "end": {
                    "line": 3,
                    "column": 30
                }
            },
            "2": {
                "start": {
                    "line": 4,
                    "column": 0
                },
                "end": {
                    "line": 4,
                    "column": 32
                }
            },
            "3": {
                "start": {
                    "line": 5,
                    "column": 0
                },
                "end": {
                    "line": 5,
                    "column": 28
                }
            },
            "4": {
                "start": {
                    "line": 6,
                    "column": 0
                },
                "end": {
                    "line": 6,
                    "column": 26
                }
            },
            "5": {
                "start": {
                    "line": 8,
                    "column": 0
                },
                "end": {
                    "line": 8,
                    "column": 39
                }
            },
            "6": {
                "start": {
                    "line": 12,
                    "column": 0
                },
                "end": {
                    "line": 12,
                    "column": 59
                }
            },
            "7": {
                "start": {
                    "line": 13,
                    "column": 0
                },
                "end": {
                    "line": 13,
                    "column": 51
                }
            },
            "8": {
                "start": {
                    "line": 14,
                    "column": 0
                },
                "end": {
                    "line": 14,
                    "column": 49
                }
            },
            "9": {
                "start": {
                    "line": 15,
                    "column": 0
                },
                "end": {
                    "line": 15,
                    "column": 51
                }
            },
            "10": {
                "start": {
                    "line": 17,
                    "column": 0
                },
                "end": {
                    "line": 17,
                    "column": 58
                }
            },
            "11": {
                "start": {
                    "line": 18,
                    "column": 0
                },
                "end": {
                    "line": 18,
                    "column": 66
                }
            },
            "12": {
                "start": {
                    "line": 31,
                    "column": 6
                },
                "end": {
                    "line": 31,
                    "column": 27
                }
            },
            "13": {
                "start": {
                    "line": 32,
                    "column": 6
                },
                "end": {
                    "line": 32,
                    "column": 41
                }
            },
            "14": {
                "start": {
                    "line": 33,
                    "column": 6
                },
                "end": {
                    "line": 33,
                    "column": 37
                }
            },
            "15": {
                "start": {
                    "line": 34,
                    "column": 6
                },
                "end": {
                    "line": 34,
                    "column": 34
                }
            },
            "16": {
                "start": {
                    "line": 35,
                    "column": 6
                },
                "end": {
                    "line": 35,
                    "column": 41
                }
            },
            "17": {
                "start": {
                    "line": 36,
                    "column": 6
                },
                "end": {
                    "line": 36,
                    "column": 46
                }
            },
            "18": {
                "start": {
                    "line": 37,
                    "column": 6
                },
                "end": {
                    "line": 37,
                    "column": 39
                }
            },
            "19": {
                "start": {
                    "line": 38,
                    "column": 6
                },
                "end": {
                    "line": 38,
                    "column": 28
                }
            },
            "20": {
                "start": {
                    "line": 39,
                    "column": 6
                },
                "end": {
                    "line": 39,
                    "column": 20
                }
            },
            "21": {
                "start": {
                    "line": 47,
                    "column": 19
                },
                "end": {
                    "line": 47,
                    "column": 43
                }
            },
            "22": {
                "start": {
                    "line": 48,
                    "column": 6
                },
                "end": {
                    "line": 48,
                    "column": 90
                }
            },
            "23": {
                "start": {
                    "line": 48,
                    "column": 48
                },
                "end": {
                    "line": 48,
                    "column": 88
                }
            },
            "24": {
                "start": {
                    "line": 53,
                    "column": 6
                },
                "end": {
                    "line": 53,
                    "column": 37
                }
            },
            "25": {
                "start": {
                    "line": 58,
                    "column": 6
                },
                "end": {
                    "line": 58,
                    "column": 26
                }
            },
            "26": {
                "start": {
                    "line": 63,
                    "column": 6
                },
                "end": {
                    "line": 65,
                    "column": 9
                }
            },
            "27": {
                "start": {
                    "line": 64,
                    "column": 8
                },
                "end": {
                    "line": 64,
                    "column": 48
                }
            },
            "28": {
                "start": {
                    "line": 70,
                    "column": 25
                },
                "end": {
                    "line": 70,
                    "column": 46
                }
            },
            "29": {
                "start": {
                    "line": 71,
                    "column": 6
                },
                "end": {
                    "line": 73,
                    "column": 65
                }
            },
            "30": {
                "start": {
                    "line": 72,
                    "column": 20
                },
                "end": {
                    "line": 72,
                    "column": 53
                }
            },
            "31": {
                "start": {
                    "line": 73,
                    "column": 22
                },
                "end": {
                    "line": 73,
                    "column": 63
                }
            },
            "32": {
                "start": {
                    "line": 80,
                    "column": 12
                },
                "end": {
                    "line": 80,
                    "column": null
                }
            },
            "33": {
                "start": {
                    "line": 81,
                    "column": 12
                },
                "end": {
                    "line": 81,
                    "column": 18
                }
            },
            "34": {
                "start": {
                    "line": 83,
                    "column": 12
                },
                "end": {
                    "line": 83,
                    "column": null
                }
            },
            "35": {
                "start": {
                    "line": 84,
                    "column": 12
                },
                "end": {
                    "line": 84,
                    "column": 18
                }
            },
            "36": {
                "start": {
                    "line": 86,
                    "column": 12
                },
                "end": {
                    "line": 86,
                    "column": null
                }
            },
            "37": {
                "start": {
                    "line": 87,
                    "column": 12
                },
                "end": {
                    "line": 87,
                    "column": 18
                }
            },
            "38": {
                "start": {
                    "line": 89,
                    "column": 12
                },
                "end": {
                    "line": 89,
                    "column": null
                }
            },
            "39": {
                "start": {
                    "line": 90,
                    "column": 12
                },
                "end": {
                    "line": 90,
                    "column": 18
                }
            },
            "40": {
                "start": {
                    "line": 92,
                    "column": 12
                },
                "end": {
                    "line": 92,
                    "column": null
                }
            },
            "41": {
                "start": {
                    "line": 93,
                    "column": 12
                },
                "end": {
                    "line": 93,
                    "column": 18
                }
            },
            "42": {
                "start": {
                    "line": 100,
                    "column": 8
                },
                "end": {
                    "line": 100,
                    "column": 49
                }
            },
            "43": {
                "start": {
                    "line": 101,
                    "column": 8
                },
                "end": {
                    "line": 101,
                    "column": 45
                }
            },
            "44": {
                "start": {
                    "line": 102,
                    "column": 8
                },
                "end": {
                    "line": 102,
                    "column": 44
                }
            },
            "45": {
                "start": {
                    "line": 103,
                    "column": 8
                },
                "end": {
                    "line": 103,
                    "column": 45
                }
            },
            "46": {
                "start": {
                    "line": 109,
                    "column": 6
                },
                "end": {
                    "line": 109,
                    "column": 61
                }
            },
            "47": {
                "start": {
                    "line": 110,
                    "column": 6
                },
                "end": {
                    "line": 110,
                    "column": 69
                }
            },
            "48": {
                "start": {
                    "line": 115,
                    "column": 2
                },
                "end": {
                    "line": 115,
                    "column": 31
                }
            }
        },
        "fnMap": {
            "0": {
                "name": "(anonymous_1)",
                "decl": {
                    "start": {
                        "line": 30,
                        "column": 4
                    },
                    "end": {
                        "line": 30,
                        "column": 16
                    }
                },
                "loc": {
                    "start": {
                        "line": 30,
                        "column": 41
                    },
                    "end": {
                        "line": 43,
                        "column": 5
                    }
                }
            },
            "1": {
                "name": "(anonymous_2)",
                "decl": {
                    "start": {
                        "line": 46,
                        "column": 12
                    },
                    "end": {
                        "line": 46,
                        "column": 18
                    }
                },
                "loc": {
                    "start": {
                        "line": 46,
                        "column": 18
                    },
                    "end": {
                        "line": 49,
                        "column": 5
                    }
                }
            },
            "2": {
                "name": "(anonymous_3)",
                "decl": {
                    "start": {
                        "line": 48,
                        "column": 42
                    },
                    "end": {
                        "line": 48,
                        "column": 45
                    }
                },
                "loc": {
                    "start": {
                        "line": 48,
                        "column": 48
                    },
                    "end": {
                        "line": 48,
                        "column": 88
                    }
                }
            },
            "3": {
                "name": "(anonymous_4)",
                "decl": {
                    "start": {
                        "line": 52,
                        "column": 12
                    },
                    "end": {
                        "line": 52,
                        "column": 39
                    }
                },
                "loc": {
                    "start": {
                        "line": 52,
                        "column": 39
                    },
                    "end": {
                        "line": 54,
                        "column": 5
                    }
                }
            },
            "4": {
                "name": "(anonymous_5)",
                "decl": {
                    "start": {
                        "line": 57,
                        "column": 12
                    },
                    "end": {
                        "line": 57,
                        "column": 37
                    }
                },
                "loc": {
                    "start": {
                        "line": 57,
                        "column": 37
                    },
                    "end": {
                        "line": 59,
                        "column": 5
                    }
                }
            },
            "5": {
                "name": "(anonymous_6)",
                "decl": {
                    "start": {
                        "line": 62,
                        "column": 12
                    },
                    "end": {
                        "line": 62,
                        "column": 33
                    }
                },
                "loc": {
                    "start": {
                        "line": 62,
                        "column": 59
                    },
                    "end": {
                        "line": 66,
                        "column": 5
                    }
                }
            },
            "6": {
                "name": "(anonymous_7)",
                "decl": {
                    "start": {
                        "line": 63,
                        "column": 26
                    },
                    "end": {
                        "line": 63,
                        "column": 27
                    }
                },
                "loc": {
                    "start": {
                        "line": 63,
                        "column": 41
                    },
                    "end": {
                        "line": 65,
                        "column": 7
                    }
                }
            },
            "7": {
                "name": "(anonymous_8)",
                "decl": {
                    "start": {
                        "line": 69,
                        "column": 12
                    },
                    "end": {
                        "line": 69,
                        "column": 32
                    }
                },
                "loc": {
                    "start": {
                        "line": 69,
                        "column": 32
                    },
                    "end": {
                        "line": 74,
                        "column": 5
                    }
                }
            },
            "8": {
                "name": "(anonymous_9)",
                "decl": {
                    "start": {
                        "line": 72,
                        "column": 14
                    },
                    "end": {
                        "line": 72,
                        "column": 17
                    }
                },
                "loc": {
                    "start": {
                        "line": 72,
                        "column": 20
                    },
                    "end": {
                        "line": 72,
                        "column": 53
                    }
                }
            },
            "9": {
                "name": "(anonymous_10)",
                "decl": {
                    "start": {
                        "line": 73,
                        "column": 15
                    },
                    "end": {
                        "line": 73,
                        "column": 18
                    }
                },
                "loc": {
                    "start": {
                        "line": 73,
                        "column": 22
                    },
                    "end": {
                        "line": 73,
                        "column": 63
                    }
                }
            },
            "10": {
                "name": "(anonymous_11)",
                "decl": {
                    "start": {
                        "line": 77,
                        "column": 12
                    },
                    "end": {
                        "line": 77,
                        "column": 26
                    }
                },
                "loc": {
                    "start": {
                        "line": 77,
                        "column": 26
                    },
                    "end": {
                        "line": 95,
                        "column": 5
                    }
                }
            },
            "11": {
                "name": "(anonymous_12)",
                "decl": {
                    "start": {
                        "line": 98,
                        "column": 12
                    },
                    "end": {
                        "line": 98,
                        "column": 25
                    }
                },
                "loc": {
                    "start": {
                        "line": 98,
                        "column": 25
                    },
                    "end": {
                        "line": 105,
                        "column": 5
                    }
                }
            },
            "12": {
                "name": "(anonymous_13)",
                "decl": {
                    "start": {
                        "line": 108,
                        "column": 12
                    },
                    "end": {
                        "line": 108,
                        "column": 17
                    }
                },
                "loc": {
                    "start": {
                        "line": 108,
                        "column": 30
                    },
                    "end": {
                        "line": 111,
                        "column": 5
                    }
                }
            }
        },
        "branchMap": {
            "0": {
                "loc": {
                    "start": {
                        "line": 47,
                        "column": 19
                    },
                    "end": {
                        "line": 47,
                        "column": 35
                    }
                },
                "type": "binary-expr",
                "locations": [
                    {
                        "start": {
                            "line": 47,
                            "column": 19
                        },
                        "end": {
                            "line": 47,
                            "column": 35
                        }
                    },
                    {
                        "start": {
                            "line": 47,
                            "column": 39
                        },
                        "end": {
                            "line": 47,
                            "column": 43
                        }
                    }
                ]
            },
            "1": {
                "loc": {
                    "start": {
                        "line": 79,
                        "column": 10
                    },
                    "end": {
                        "line": 81,
                        "column": 18
                    }
                },
                "type": "switch",
                "locations": [
                    {
                        "start": {
                            "line": 79,
                            "column": 10
                        },
                        "end": {
                            "line": 81,
                            "column": 18
                        }
                    },
                    {
                        "start": {
                            "line": 82,
                            "column": 10
                        },
                        "end": {
                            "line": 84,
                            "column": 18
                        }
                    },
                    {
                        "start": {
                            "line": 85,
                            "column": 10
                        },
                        "end": {
                            "line": 87,
                            "column": 18
                        }
                    },
                    {
                        "start": {
                            "line": 88,
                            "column": 10
                        },
                        "end": {
                            "line": 90,
                            "column": 18
                        }
                    },
                    {
                        "start": {
                            "line": 91,
                            "column": 10
                        },
                        "end": {
                            "line": 93,
                            "column": 18
                        }
                    }
                ]
            }
        },
        "s": {
            "0": 1,
            "1": 1,
            "2": 1,
            "3": 1,
            "4": 1,
            "5": 1,
            "6": 1,
            "7": 1,
            "8": 1,
            "9": 1,
            "10": 1,
            "11": 1,
            "12": 1,
            "13": 1,
            "14": 1,
            "15": 1,
            "16": 1,
            "17": 1,
            "18": 1,
            "19": 1,
            "20": 1,
            "21": 1,
            "22": 1,
            "23": 1,
            "24": 1,
            "25": 1,
            "26": 1,
            "27": 1,
            "28": 1,
            "29": 1,
            "30": 0,
            "31": 0,
            "32": 0,
            "33": 0,
            "34": 0,
            "35": 0,
            "36": 0,
            "37": 0,
            "38": 1,
            "39": 1,
            "40": 0,
            "41": 0,
            "42": 0,
            "43": 0,
            "44": 0,
            "45": 0,
            "46": 0,
            "47": 0,
            "48": 1
        },
        "f": {
            "0": 1,
            "1": 1,
            "2": 1,
            "3": 1,
            "4": 1,
            "5": 1,
            "6": 1,
            "7": 1,
            "8": 0,
            "9": 0,
            "10": 1,
            "11": 0,
            "12": 0
        },
        "b": {
            "0": [
                1,
                1
            ],
            "1": [
                0,
                0,
                0,
                1,
                0
            ]
        }
    },
    "/Users/rrozenv/Desktop/hedge_api/controllers/UsersController.ts": {
        "path": "/Users/rrozenv/Desktop/hedge_api/controllers/UsersController.ts",
        "statementMap": {
            "0": {
                "start": {
                    "line": 2,
                    "column": 0
                },
                "end": {
                    "line": 2,
                    "column": 30
                }
            },
            "1": {
                "start": {
                    "line": 3,
                    "column": 0
                },
                "end": {
                    "line": 3,
                    "column": 22
                }
            },
            "2": {
                "start": {
                    "line": 4,
                    "column": 0
                },
                "end": {
                    "line": 4,
                    "column": 31
                }
            },
            "3": {
                "start": {
                    "line": 5,
                    "column": 0
                },
                "end": {
                    "line": 5,
                    "column": 28
                }
            },
            "4": {
                "start": {
                    "line": 11,
                    "column": 0
                },
                "end": {
                    "line": 11,
                    "column": 58
                }
            },
            "5": {
                "start": {
                    "line": 13,
                    "column": 0
                },
                "end": {
                    "line": 13,
                    "column": 54
                }
            },
            "6": {
                "start": {
                    "line": 19,
                    "column": 11
                },
                "end": {
                    "line": 19,
                    "column": 27
                }
            },
            "7": {
                "start": {
                    "line": 20,
                    "column": 11
                },
                "end": {
                    "line": 20,
                    "column": 39
                }
            },
            "8": {
                "start": {
                    "line": 38,
                    "column": 12
                },
                "end": {
                    "line": 61,
                    "column": null
                }
            },
            "9": {
                "start": {
                    "line": 40,
                    "column": 26
                },
                "end": {
                    "line": 40,
                    "column": 55
                }
            },
            "10": {
                "start": {
                    "line": 41,
                    "column": 8
                },
                "end": {
                    "line": 41,
                    "column": 73
                }
            },
            "11": {
                "start": {
                    "line": 41,
                    "column": 19
                },
                "end": {
                    "line": 41,
                    "column": 73
                }
            },
            "12": {
                "start": {
                    "line": 44,
                    "column": 45
                },
                "end": {
                    "line": 44,
                    "column": 53
                }
            },
            "13": {
                "start": {
                    "line": 45,
                    "column": 19
                },
                "end": {
                    "line": 45,
                    "column": 72
                }
            },
            "14": {
                "start": {
                    "line": 49,
                    "column": 12
                },
                "end": {
                    "line": 53,
                    "column": 15
                }
            },
            "15": {
                "start": {
                    "line": 54,
                    "column": 12
                },
                "end": {
                    "line": 54,
                    "column": 30
                }
            },
            "16": {
                "start": {
                    "line": 58,
                    "column": 26
                },
                "end": {
                    "line": 58,
                    "column": 52
                }
            },
            "17": {
                "start": {
                    "line": 59,
                    "column": 8
                },
                "end": {
                    "line": 59,
                    "column": 51
                }
            },
            "18": {
                "start": {
                    "line": 60,
                    "column": 8
                },
                "end": {
                    "line": 60,
                    "column": 23
                }
            },
            "19": {
                "start": {
                    "line": 64,
                    "column": 12
                },
                "end": {
                    "line": 78,
                    "column": null
                }
            },
            "20": {
                "start": {
                    "line": 66,
                    "column": 26
                },
                "end": {
                    "line": 66,
                    "column": 54
                }
            },
            "21": {
                "start": {
                    "line": 67,
                    "column": 8
                },
                "end": {
                    "line": 67,
                    "column": 73
                }
            },
            "22": {
                "start": {
                    "line": 67,
                    "column": 19
                },
                "end": {
                    "line": 67,
                    "column": 73
                }
            },
            "23": {
                "start": {
                    "line": 70,
                    "column": 32
                },
                "end": {
                    "line": 70,
                    "column": 40
                }
            },
            "24": {
                "start": {
                    "line": 71,
                    "column": 19
                },
                "end": {
                    "line": 71,
                    "column": 72
                }
            },
            "25": {
                "start": {
                    "line": 72,
                    "column": 8
                },
                "end": {
                    "line": 72,
                    "column": 84
                }
            },
            "26": {
                "start": {
                    "line": 72,
                    "column": 19
                },
                "end": {
                    "line": 72,
                    "column": 84
                }
            },
            "27": {
                "start": {
                    "line": 75,
                    "column": 26
                },
                "end": {
                    "line": 75,
                    "column": 52
                }
            },
            "28": {
                "start": {
                    "line": 76,
                    "column": 8
                },
                "end": {
                    "line": 76,
                    "column": 51
                }
            },
            "29": {
                "start": {
                    "line": 77,
                    "column": 8
                },
                "end": {
                    "line": 77,
                    "column": 23
                }
            },
            "30": {
                "start": {
                    "line": 81,
                    "column": 12
                },
                "end": {
                    "line": 85,
                    "column": 6
                }
            },
            "31": {
                "start": {
                    "line": 82,
                    "column": 50
                },
                "end": {
                    "line": 82,
                    "column": 58
                }
            },
            "32": {
                "start": {
                    "line": 83,
                    "column": 23
                },
                "end": {
                    "line": 83,
                    "column": 104
                }
            },
            "33": {
                "start": {
                    "line": 84,
                    "column": 6
                },
                "end": {
                    "line": 84,
                    "column": 25
                }
            },
            "34": {
                "start": {
                    "line": 88,
                    "column": 12
                },
                "end": {
                    "line": 92,
                    "column": 6
                }
            },
            "35": {
                "start": {
                    "line": 89,
                    "column": 50
                },
                "end": {
                    "line": 89,
                    "column": 58
                }
            },
            "36": {
                "start": {
                    "line": 90,
                    "column": 23
                },
                "end": {
                    "line": 90,
                    "column": 106
                }
            },
            "37": {
                "start": {
                    "line": 91,
                    "column": 6
                },
                "end": {
                    "line": 91,
                    "column": 25
                }
            },
            "38": {
                "start": {
                    "line": 96,
                    "column": 4
                },
                "end": {
                    "line": 104,
                    "column": null
                }
            },
            "39": {
                "start": {
                    "line": 97,
                    "column": 26
                },
                "end": {
                    "line": 97,
                    "column": 33
                }
            },
            "40": {
                "start": {
                    "line": 98,
                    "column": 31
                },
                "end": {
                    "line": 98,
                    "column": 51
                }
            },
            "41": {
                "start": {
                    "line": 100,
                    "column": 8
                },
                "end": {
                    "line": 103,
                    "column": 10
                }
            },
            "42": {
                "start": {
                    "line": 116,
                    "column": 12
                },
                "end": {
                    "line": 124,
                    "column": null
                }
            },
            "43": {
                "start": {
                    "line": 123,
                    "column": 8
                },
                "end": {
                    "line": 123,
                    "column": 42
                }
            },
            "44": {
                "start": {
                    "line": 127,
                    "column": 12
                },
                "end": {
                    "line": 133,
                    "column": null
                }
            },
            "45": {
                "start": {
                    "line": 132,
                    "column": 6
                },
                "end": {
                    "line": 132,
                    "column": 42
                }
            },
            "46": {
                "start": {
                    "line": 136,
                    "column": 12
                },
                "end": {
                    "line": 142,
                    "column": null
                }
            },
            "47": {
                "start": {
                    "line": 141,
                    "column": 8
                },
                "end": {
                    "line": 141,
                    "column": 43
                }
            },
            "48": {
                "start": {
                    "line": 25,
                    "column": 6
                },
                "end": {
                    "line": 25,
                    "column": 48
                }
            },
            "49": {
                "start": {
                    "line": 26,
                    "column": 6
                },
                "end": {
                    "line": 26,
                    "column": 30
                }
            },
            "50": {
                "start": {
                    "line": 30,
                    "column": 6
                },
                "end": {
                    "line": 30,
                    "column": 51
                }
            },
            "51": {
                "start": {
                    "line": 31,
                    "column": 6
                },
                "end": {
                    "line": 31,
                    "column": 61
                }
            },
            "52": {
                "start": {
                    "line": 32,
                    "column": 6
                },
                "end": {
                    "line": 32,
                    "column": 92
                }
            },
            "53": {
                "start": {
                    "line": 33,
                    "column": 6
                },
                "end": {
                    "line": 33,
                    "column": 100
                }
            },
            "54": {
                "start": {
                    "line": 108,
                    "column": 8
                },
                "end": {
                    "line": 111,
                    "column": null
                }
            },
            "55": {
                "start": {
                    "line": 146,
                    "column": 0
                },
                "end": {
                    "line": 146,
                    "column": 31
                }
            }
        },
        "fnMap": {
            "0": {
                "name": "(anonymous_1)",
                "decl": {
                    "start": {
                        "line": 24,
                        "column": 4
                    },
                    "end": {
                        "line": 24,
                        "column": null
                    }
                },
                "loc": {
                    "start": {
                        "line": 24,
                        "column": 4
                    },
                    "end": {
                        "line": 27,
                        "column": 5
                    }
                }
            },
            "1": {
                "name": "(anonymous_2)",
                "decl": {
                    "start": {
                        "line": 38,
                        "column": 25
                    },
                    "end": {
                        "line": 38,
                        "column": 30
                    }
                },
                "loc": {
                    "start": {
                        "line": 38,
                        "column": 54
                    },
                    "end": {
                        "line": 61,
                        "column": 5
                    }
                }
            },
            "2": {
                "name": "(anonymous_3)",
                "decl": {
                    "start": {
                        "line": 64,
                        "column": 24
                    },
                    "end": {
                        "line": 64,
                        "column": 29
                    }
                },
                "loc": {
                    "start": {
                        "line": 64,
                        "column": 53
                    },
                    "end": {
                        "line": 78,
                        "column": 5
                    }
                }
            },
            "3": {
                "name": "(anonymous_4)",
                "decl": {
                    "start": {
                        "line": 81,
                        "column": 35
                    },
                    "end": {
                        "line": 81,
                        "column": 40
                    }
                },
                "loc": {
                    "start": {
                        "line": 81,
                        "column": 64
                    },
                    "end": {
                        "line": 85,
                        "column": 5
                    }
                }
            },
            "4": {
                "name": "(anonymous_5)",
                "decl": {
                    "start": {
                        "line": 88,
                        "column": 39
                    },
                    "end": {
                        "line": 88,
                        "column": 44
                    }
                },
                "loc": {
                    "start": {
                        "line": 88,
                        "column": 68
                    },
                    "end": {
                        "line": 92,
                        "column": 5
                    }
                }
            },
            "5": {
                "name": "(anonymous_6)",
                "decl": {
                    "start": {
                        "line": 96,
                        "column": 22
                    },
                    "end": {
                        "line": 96,
                        "column": 23
                    }
                },
                "loc": {
                    "start": {
                        "line": 96,
                        "column": 49
                    },
                    "end": {
                        "line": 104,
                        "column": 5
                    }
                }
            },
            "6": {
                "name": "(anonymous_7)",
                "decl": {
                    "start": {
                        "line": 116,
                        "column": 29
                    },
                    "end": {
                        "line": 116,
                        "column": 30
                    }
                },
                "loc": {
                    "start": {
                        "line": 116,
                        "column": 45
                    },
                    "end": {
                        "line": 124,
                        "column": 5
                    }
                }
            },
            "7": {
                "name": "(anonymous_8)",
                "decl": {
                    "start": {
                        "line": 127,
                        "column": 28
                    },
                    "end": {
                        "line": 127,
                        "column": 29
                    }
                },
                "loc": {
                    "start": {
                        "line": 127,
                        "column": 44
                    },
                    "end": {
                        "line": 133,
                        "column": 3
                    }
                }
            },
            "8": {
                "name": "(anonymous_9)",
                "decl": {
                    "start": {
                        "line": 136,
                        "column": 28
                    },
                    "end": {
                        "line": 136,
                        "column": 29
                    }
                },
                "loc": {
                    "start": {
                        "line": 136,
                        "column": 46
                    },
                    "end": {
                        "line": 142,
                        "column": 5
                    }
                }
            },
            "9": {
                "name": "(anonymous_10)",
                "decl": {
                    "start": {
                        "line": 29,
                        "column": 12
                    },
                    "end": {
                        "line": 29,
                        "column": 28
                    }
                },
                "loc": {
                    "start": {
                        "line": 29,
                        "column": 28
                    },
                    "end": {
                        "line": 34,
                        "column": 5
                    }
                }
            },
            "10": {
                "name": "(anonymous_11)",
                "decl": {
                    "start": {
                        "line": 107,
                        "column": 4
                    },
                    "end": {
                        "line": 107,
                        "column": 21
                    }
                },
                "loc": {
                    "start": {
                        "line": 107,
                        "column": 39
                    },
                    "end": {
                        "line": 112,
                        "column": 5
                    }
                }
            }
        },
        "branchMap": {
            "0": {
                "loc": {
                    "start": {
                        "line": 41,
                        "column": 8
                    },
                    "end": {
                        "line": 41,
                        "column": 73
                    }
                },
                "type": "if",
                "locations": [
                    {
                        "start": {
                            "line": 41,
                            "column": 8
                        },
                        "end": {
                            "line": 41,
                            "column": 73
                        }
                    },
                    {
                        "start": {
                            "line": 41,
                            "column": 8
                        },
                        "end": {
                            "line": 41,
                            "column": 73
                        }
                    }
                ]
            },
            "1": {
                "loc": {
                    "start": {
                        "line": 67,
                        "column": 8
                    },
                    "end": {
                        "line": 67,
                        "column": 73
                    }
                },
                "type": "if",
                "locations": [
                    {
                        "start": {
                            "line": 67,
                            "column": 8
                        },
                        "end": {
                            "line": 67,
                            "column": 73
                        }
                    },
                    {
                        "start": {
                            "line": 67,
                            "column": 8
                        },
                        "end": {
                            "line": 67,
                            "column": 73
                        }
                    }
                ]
            },
            "2": {
                "loc": {
                    "start": {
                        "line": 72,
                        "column": 8
                    },
                    "end": {
                        "line": 72,
                        "column": 84
                    }
                },
                "type": "if",
                "locations": [
                    {
                        "start": {
                            "line": 72,
                            "column": 8
                        },
                        "end": {
                            "line": 72,
                            "column": 84
                        }
                    },
                    {
                        "start": {
                            "line": 72,
                            "column": 8
                        },
                        "end": {
                            "line": 72,
                            "column": 84
                        }
                    }
                ]
            }
        },
        "s": {
            "0": 2,
            "1": 2,
            "2": 2,
            "3": 2,
            "4": 2,
            "5": 2,
            "6": 3,
            "7": 3,
            "8": 3,
            "9": 0,
            "10": 0,
            "11": 0,
            "12": 0,
            "13": 0,
            "14": 0,
            "15": 0,
            "16": 0,
            "17": 0,
            "18": 0,
            "19": 3,
            "20": 0,
            "21": 0,
            "22": 0,
            "23": 0,
            "24": 0,
            "25": 0,
            "26": 0,
            "27": 0,
            "28": 0,
            "29": 0,
            "30": 3,
            "31": 0,
            "32": 0,
            "33": 0,
            "34": 3,
            "35": 0,
            "36": 0,
            "37": 0,
            "38": 3,
            "39": 2,
            "40": 2,
            "41": 2,
            "42": 3,
            "43": 0,
            "44": 3,
            "45": 0,
            "46": 3,
            "47": 0,
            "48": 3,
            "49": 3,
            "50": 3,
            "51": 3,
            "52": 3,
            "53": 3,
            "54": 0,
            "55": 2
        },
        "f": {
            "0": 3,
            "1": 0,
            "2": 0,
            "3": 0,
            "4": 0,
            "5": 2,
            "6": 0,
            "7": 0,
            "8": 0,
            "9": 3,
            "10": 0
        },
        "b": {
            "0": [
                0,
                0
            ],
            "1": [
                0,
                0
            ],
            "2": [
                0,
                0
            ]
        }
    },
    "/Users/rrozenv/Desktop/hedge_api/middleware/auth.ts": {
        "path": "/Users/rrozenv/Desktop/hedge_api/middleware/auth.ts",
        "statementMap": {
            "0": {
                "start": {
                    "line": 1,
                    "column": 0
                },
                "end": {
                    "line": 1,
                    "column": 31
                }
            },
            "1": {
                "start": {
                    "line": 2,
                    "column": 0
                },
                "end": {
                    "line": 2,
                    "column": 28
                }
            },
            "2": {
                "start": {
                    "line": 4,
                    "column": 0
                },
                "end": {
                    "line": 16,
                    "column": null
                }
            },
            "3": {
                "start": {
                    "line": 5,
                    "column": 16
                },
                "end": {
                    "line": 5,
                    "column": 42
                }
            },
            "4": {
                "start": {
                    "line": 6,
                    "column": 2
                },
                "end": {
                    "line": 6,
                    "column": 90
                }
            },
            "5": {
                "start": {
                    "line": 6,
                    "column": 14
                },
                "end": {
                    "line": 6,
                    "column": 90
                }
            },
            "6": {
                "start": {
                    "line": 9,
                    "column": 20
                },
                "end": {
                    "line": 9,
                    "column": 59
                }
            },
            "7": {
                "start": {
                    "line": 10,
                    "column": 4
                },
                "end": {
                    "line": 10,
                    "column": 23
                }
            },
            "8": {
                "start": {
                    "line": 11,
                    "column": 4
                },
                "end": {
                    "line": 11,
                    "column": 11
                }
            },
            "9": {
                "start": {
                    "line": 14,
                    "column": 4
                },
                "end": {
                    "line": 14,
                    "column": 43
                }
            }
        },
        "fnMap": {
            "0": {
                "name": "(anonymous_1)",
                "decl": {
                    "start": {
                        "line": 4,
                        "column": 15
                    },
                    "end": {
                        "line": 4,
                        "column": 16
                    }
                },
                "loc": {
                    "start": {
                        "line": 4,
                        "column": 49
                    },
                    "end": {
                        "line": 16,
                        "column": 1
                    }
                }
            }
        },
        "branchMap": {
            "0": {
                "loc": {
                    "start": {
                        "line": 6,
                        "column": 2
                    },
                    "end": {
                        "line": 6,
                        "column": 90
                    }
                },
                "type": "if",
                "locations": [
                    {
                        "start": {
                            "line": 6,
                            "column": 2
                        },
                        "end": {
                            "line": 6,
                            "column": 90
                        }
                    },
                    {
                        "start": {
                            "line": 6,
                            "column": 2
                        },
                        "end": {
                            "line": 6,
                            "column": 90
                        }
                    }
                ]
            }
        },
        "s": {
            "0": 1,
            "1": 1,
            "2": 1,
            "3": 1,
            "4": 1,
            "5": 0,
            "6": 1,
            "7": 1,
            "8": 1,
            "9": 0
        },
        "f": {
            "0": 1
        },
        "b": {
            "0": [
                0,
                1
            ]
        }
    },
    "/Users/rrozenv/Desktop/hedge_api/middleware/error.ts": {
        "path": "/Users/rrozenv/Desktop/hedge_api/middleware/error.ts",
        "statementMap": {
            "0": {
                "start": {
                    "line": 1,
                    "column": 0
                },
                "end": {
                    "line": 4,
                    "column": null
                }
            },
            "1": {
                "start": {
                    "line": 2,
                    "column": 4
                },
                "end": {
                    "line": 2,
                    "column": 21
                }
            },
            "2": {
                "start": {
                    "line": 3,
                    "column": 4
                },
                "end": {
                    "line": 3,
                    "column": 46
                }
            }
        },
        "fnMap": {
            "0": {
                "name": "(anonymous_0)",
                "decl": {
                    "start": {
                        "line": 1,
                        "column": 15
                    },
                    "end": {
                        "line": 1,
                        "column": 16
                    }
                },
                "loc": {
                    "start": {
                        "line": 1,
                        "column": 59
                    },
                    "end": {
                        "line": 4,
                        "column": 1
                    }
                }
            }
        },
        "branchMap": {},
        "s": {
            "0": 1,
            "1": 0,
            "2": 0
        },
        "f": {
            "0": 0
        },
        "b": {}
    },
    "/Users/rrozenv/Desktop/hedge_api/models/portfolio.model.ts": {
        "path": "/Users/rrozenv/Desktop/hedge_api/models/portfolio.model.ts",
        "statementMap": {
            "0": {
                "start": {
                    "line": 1,
                    "column": 0
                },
                "end": {
                    "line": 1,
                    "column": 32
                }
            },
            "1": {
                "start": {
                    "line": 3,
                    "column": 0
                },
                "end": {
                    "line": 3,
                    "column": 44
                }
            },
            "2": {
                "start": {
                    "line": 5,
                    "column": 24
                },
                "end": {
                    "line": 21,
                    "column": 2
                }
            },
            "3": {
                "start": {
                    "line": 24,
                    "column": 23
                },
                "end": {
                    "line": 24,
                    "column": 82
                }
            },
            "4": {
                "start": {
                    "line": 26,
                    "column": 9
                },
                "end": {
                    "line": 26,
                    "column": 23
                }
            }
        },
        "fnMap": {},
        "branchMap": {},
        "s": {
            "0": 1,
            "1": 1,
            "2": 1,
            "3": 1,
            "4": 1
        },
        "f": {},
        "b": {}
    },
    "/Users/rrozenv/Desktop/hedge_api/models/quote.model.ts": {
        "path": "/Users/rrozenv/Desktop/hedge_api/models/quote.model.ts",
        "statementMap": {
            "0": {
                "start": {
                    "line": 1,
                    "column": 0
                },
                "end": {
                    "line": 1,
                    "column": 32
                }
            },
            "1": {
                "start": {
                    "line": 4,
                    "column": 20
                },
                "end": {
                    "line": 29,
                    "column": 2
                }
            },
            "2": {
                "start": {
                    "line": 34,
                    "column": 9
                },
                "end": {
                    "line": 34,
                    "column": 20
                }
            },
            "3": {
                "start": {
                    "line": 32,
                    "column": 19
                },
                "end": {
                    "line": 32,
                    "column": 69
                }
            },
            "4": {
                "start": {
                    "line": 34,
                    "column": 22
                },
                "end": {
                    "line": 34,
                    "column": 32
                }
            }
        },
        "fnMap": {},
        "branchMap": {},
        "s": {
            "0": 1,
            "1": 1,
            "2": 1,
            "3": 1,
            "4": 1
        },
        "f": {},
        "b": {}
    },
    "/Users/rrozenv/Desktop/hedge_api/models/stock.model.ts": {
        "path": "/Users/rrozenv/Desktop/hedge_api/models/stock.model.ts",
        "statementMap": {
            "0": {
                "start": {
                    "line": 1,
                    "column": 0
                },
                "end": {
                    "line": 1,
                    "column": 32
                }
            },
            "1": {
                "start": {
                    "line": 3,
                    "column": 0
                },
                "end": {
                    "line": 3,
                    "column": 44
                }
            },
            "2": {
                "start": {
                    "line": 5,
                    "column": 20
                },
                "end": {
                    "line": 19,
                    "column": 2
                }
            },
            "3": {
                "start": {
                    "line": 24,
                    "column": 9
                },
                "end": {
                    "line": 24,
                    "column": 20
                }
            },
            "4": {
                "start": {
                    "line": 22,
                    "column": 19
                },
                "end": {
                    "line": 22,
                    "column": 66
                }
            },
            "5": {
                "start": {
                    "line": 24,
                    "column": 22
                },
                "end": {
                    "line": 24,
                    "column": 32
                }
            }
        },
        "fnMap": {},
        "branchMap": {},
        "s": {
            "0": 1,
            "1": 1,
            "2": 1,
            "3": 1,
            "4": 1,
            "5": 1
        },
        "f": {},
        "b": {}
    },
    "/Users/rrozenv/Desktop/hedge_api/models/user.model.ts": {
        "path": "/Users/rrozenv/Desktop/hedge_api/models/user.model.ts",
        "statementMap": {
            "0": {
                "start": {
                    "line": 1,
                    "column": 0
                },
                "end": {
                    "line": 1,
                    "column": 32
                }
            },
            "1": {
                "start": {
                    "line": 6,
                    "column": 19
                },
                "end": {
                    "line": 23,
                    "column": 2
                }
            },
            "2": {
                "start": {
                    "line": 31,
                    "column": 4
                },
                "end": {
                    "line": 31,
                    "column": 14
                }
            },
            "3": {
                "start": {
                    "line": 27,
                    "column": 18
                },
                "end": {
                    "line": 27,
                    "column": 62
                }
            },
            "4": {
                "start": {
                    "line": 32,
                    "column": 4
                },
                "end": {
                    "line": 32,
                    "column": 13
                }
            }
        },
        "fnMap": {},
        "branchMap": {},
        "s": {
            "0": 2,
            "1": 2,
            "2": 2,
            "3": 2,
            "4": 2
        },
        "f": {},
        "b": {}
    },
    "/Users/rrozenv/Desktop/hedge_api/services/TwilioService.ts": {
        "path": "/Users/rrozenv/Desktop/hedge_api/services/TwilioService.ts",
        "statementMap": {
            "0": {
                "start": {
                    "line": 1,
                    "column": 0
                },
                "end": {
                    "line": 1,
                    "column": 28
                }
            },
            "1": {
                "start": {
                    "line": 2,
                    "column": 0
                },
                "end": {
                    "line": 2,
                    "column": 33
                }
            },
            "2": {
                "start": {
                    "line": 7,
                    "column": 21
                },
                "end": {
                    "line": 7,
                    "column": 49
                }
            },
            "3": {
                "start": {
                    "line": 8,
                    "column": 23
                },
                "end": {
                    "line": 8,
                    "column": 51
                }
            },
            "4": {
                "start": {
                    "line": 9,
                    "column": 16
                },
                "end": {
                    "line": 9,
                    "column": 45
                }
            },
            "5": {
                "start": {
                    "line": 10,
                    "column": 15
                },
                "end": {
                    "line": 10,
                    "column": 38
                }
            },
            "6": {
                "start": {
                    "line": 16,
                    "column": 24
                },
                "end": {
                    "line": 19,
                    "column": 75
                }
            },
            "7": {
                "start": {
                    "line": 21,
                    "column": 8
                },
                "end": {
                    "line": 28,
                    "column": 10
                }
            },
            "8": {
                "start": {
                    "line": 33,
                    "column": 24
                },
                "end": {
                    "line": 35,
                    "column": 101
                }
            },
            "9": {
                "start": {
                    "line": 37,
                    "column": 8
                },
                "end": {
                    "line": 40,
                    "column": 10
                }
            },
            "10": {
                "start": {
                    "line": 45,
                    "column": 0
                },
                "end": {
                    "line": 45,
                    "column": 29
                }
            }
        },
        "fnMap": {
            "0": {
                "name": "(anonymous_1)",
                "decl": {
                    "start": {
                        "line": 15,
                        "column": 4
                    },
                    "end": {
                        "line": 15,
                        "column": 9
                    }
                },
                "loc": {
                    "start": {
                        "line": 15,
                        "column": 86
                    },
                    "end": {
                        "line": 29,
                        "column": 5
                    }
                }
            },
            "1": {
                "name": "(anonymous_2)",
                "decl": {
                    "start": {
                        "line": 32,
                        "column": 4
                    },
                    "end": {
                        "line": 32,
                        "column": 9
                    }
                },
                "loc": {
                    "start": {
                        "line": 32,
                        "column": 89
                    },
                    "end": {
                        "line": 41,
                        "column": 5
                    }
                }
            }
        },
        "branchMap": {},
        "s": {
            "0": 2,
            "1": 2,
            "2": 2,
            "3": 2,
            "4": 2,
            "5": 2,
            "6": 0,
            "7": 0,
            "8": 0,
            "9": 0,
            "10": 2
        },
        "f": {
            "0": 0,
            "1": 0
        },
        "b": {}
    },
    "/Users/rrozenv/Desktop/hedge_api/templates/portfolio.templates.ts": {
        "path": "/Users/rrozenv/Desktop/hedge_api/templates/portfolio.templates.ts",
        "statementMap": {
            "0": {
                "start": {
                    "line": 1,
                    "column": 0
                },
                "end": {
                    "line": 1,
                    "column": 74
                }
            },
            "1": {
                "start": {
                    "line": 2,
                    "column": 0
                },
                "end": {
                    "line": 2,
                    "column": 47
                }
            },
            "2": {
                "start": {
                    "line": 17,
                    "column": 0
                },
                "end": {
                    "line": 17,
                    "column": 34
                }
            }
        },
        "fnMap": {},
        "branchMap": {},
        "s": {
            "0": 1,
            "1": 1,
            "2": 1
        },
        "f": {},
        "b": {}
    },
    "/Users/rrozenv/Desktop/hedge_api/templates/stock.templates.ts": {
        "path": "/Users/rrozenv/Desktop/hedge_api/templates/stock.templates.ts",
        "statementMap": {
            "0": {
                "start": {
                    "line": 1,
                    "column": 0
                },
                "end": {
                    "line": 1,
                    "column": 62
                }
            },
            "1": {
                "start": {
                    "line": 36,
                    "column": 0
                },
                "end": {
                    "line": 36,
                    "column": 30
                }
            }
        },
        "fnMap": {},
        "branchMap": {},
        "s": {
            "0": 1,
            "1": 1
        },
        "f": {},
        "b": {}
    }
}