TN:
SF:/Users/rrozenv/Desktop/hedge_api/environment.ts
FN:1,(anonymous_0)
FNF:1
FNH:1
FNDA:2,(anonymous_0)
DA:1,2
DA:2,2
DA:3,2
DA:4,2
DA:5,2
LF:5
LH:5
BRF:0
BRH:0
end_of_record
TN:
SF:/Users/rrozenv/Desktop/hedge_api/controllers/AppController.ts
FN:30,(anonymous_1)
FN:46,(anonymous_2)
FN:48,(anonymous_3)
FN:52,(anonymous_4)
FN:57,(anonymous_5)
FN:62,(anonymous_6)
FN:63,(anonymous_7)
FN:69,(anonymous_8)
FN:72,(anonymous_9)
FN:73,(anonymous_10)
FN:77,(anonymous_11)
FN:98,(anonymous_12)
FN:108,(anonymous_13)
FNF:13
FNH:9
FNDA:1,(anonymous_1)
FNDA:1,(anonymous_2)
FNDA:1,(anonymous_3)
FNDA:1,(anonymous_4)
FNDA:1,(anonymous_5)
FNDA:1,(anonymous_6)
FNDA:1,(anonymous_7)
FNDA:1,(anonymous_8)
FNDA:0,(anonymous_9)
FNDA:0,(anonymous_10)
FNDA:1,(anonymous_11)
FNDA:0,(anonymous_12)
FNDA:0,(anonymous_13)
DA:2,1
DA:3,1
DA:4,1
DA:5,1
DA:6,1
DA:8,1
DA:12,1
DA:13,1
DA:14,1
DA:15,1
DA:17,1
DA:18,1
DA:31,1
DA:32,1
DA:33,1
DA:34,1
DA:35,1
DA:36,1
DA:37,1
DA:38,1
DA:39,1
DA:47,1
DA:48,1
DA:53,1
DA:58,1
DA:63,1
DA:64,1
DA:70,1
DA:71,1
DA:72,0
DA:73,0
DA:80,0
DA:81,0
DA:83,0
DA:84,0
DA:86,0
DA:87,0
DA:89,1
DA:90,1
DA:92,0
DA:93,0
DA:100,0
DA:101,0
DA:102,0
DA:103,0
DA:109,0
DA:110,0
DA:115,1
LF:48
LH:32
BRDA:47,0,0,1
BRDA:47,0,1,1
BRDA:79,1,0,0
BRDA:79,1,1,0
BRDA:79,1,2,0
BRDA:79,1,3,1
BRDA:79,1,4,0
BRF:7
BRH:3
end_of_record
TN:
SF:/Users/rrozenv/Desktop/hedge_api/controllers/UsersController.ts
FN:24,(anonymous_1)
FN:38,(anonymous_2)
FN:64,(anonymous_3)
FN:81,(anonymous_4)
FN:88,(anonymous_5)
FN:96,(anonymous_6)
FN:116,(anonymous_7)
FN:127,(anonymous_8)
FN:136,(anonymous_9)
FN:29,(anonymous_10)
FN:107,(anonymous_11)
FNF:11
FNH:3
FNDA:3,(anonymous_1)
FNDA:0,(anonymous_2)
FNDA:0,(anonymous_3)
FNDA:0,(anonymous_4)
FNDA:0,(anonymous_5)
FNDA:2,(anonymous_6)
FNDA:0,(anonymous_7)
FNDA:0,(anonymous_8)
FNDA:0,(anonymous_9)
FNDA:3,(anonymous_10)
FNDA:0,(anonymous_11)
DA:2,2
DA:3,2
DA:4,2
DA:5,2
DA:11,2
DA:13,2
DA:19,3
DA:20,3
DA:25,3
DA:26,3
DA:30,3
DA:31,3
DA:32,3
DA:33,3
DA:38,3
DA:40,0
DA:41,0
DA:44,0
DA:45,0
DA:49,0
DA:54,0
DA:58,0
DA:59,0
DA:60,0
DA:64,3
DA:66,0
DA:67,0
DA:70,0
DA:71,0
DA:72,0
DA:75,0
DA:76,0
DA:77,0
DA:81,3
DA:82,0
DA:83,0
DA:84,0
DA:88,3
DA:89,0
DA:90,0
DA:91,0
DA:96,3
DA:97,2
DA:98,2
DA:100,2
DA:108,0
DA:116,3
DA:123,0
DA:127,3
DA:132,0
DA:136,3
DA:141,0
DA:146,2
LF:53
LH:26
BRDA:41,0,0,0
BRDA:41,0,1,0
BRDA:67,1,0,0
BRDA:67,1,1,0
BRDA:72,2,0,0
BRDA:72,2,1,0
BRF:6
BRH:0
end_of_record
TN:
SF:/Users/rrozenv/Desktop/hedge_api/middleware/auth.ts
FN:4,(anonymous_1)
FNF:1
FNH:1
FNDA:1,(anonymous_1)
DA:1,1
DA:2,1
DA:4,1
DA:5,1
DA:6,1
DA:9,1
DA:10,1
DA:11,1
DA:14,0
LF:9
LH:8
BRDA:6,0,0,0
BRDA:6,0,1,1
BRF:2
BRH:1
end_of_record
TN:
SF:/Users/rrozenv/Desktop/hedge_api/middleware/error.ts
FN:1,(anonymous_0)
FNF:1
FNH:0
FNDA:0,(anonymous_0)
DA:1,1
DA:2,0
DA:3,0
LF:3
LH:1
BRF:0
BRH:0
end_of_record
TN:
SF:/Users/rrozenv/Desktop/hedge_api/models/portfolio.model.ts
FNF:0
FNH:0
DA:1,1
DA:3,1
DA:5,1
DA:24,1
DA:26,1
LF:5
LH:5
BRF:0
BRH:0
end_of_record
TN:
SF:/Users/rrozenv/Desktop/hedge_api/models/quote.model.ts
FNF:0
FNH:0
DA:1,1
DA:4,1
DA:32,1
DA:34,1
LF:4
LH:4
BRF:0
BRH:0
end_of_record
TN:
SF:/Users/rrozenv/Desktop/hedge_api/models/stock.model.ts
FNF:0
FNH:0
DA:1,1
DA:3,1
DA:5,1
DA:22,1
DA:24,1
LF:5
LH:5
BRF:0
BRH:0
end_of_record
TN:
SF:/Users/rrozenv/Desktop/hedge_api/models/user.model.ts
FNF:0
FNH:0
DA:1,2
DA:6,2
DA:27,2
DA:31,2
DA:32,2
LF:5
LH:5
BRF:0
BRH:0
end_of_record
TN:
SF:/Users/rrozenv/Desktop/hedge_api/services/TwilioService.ts
FN:15,(anonymous_1)
FN:32,(anonymous_2)
FNF:2
FNH:0
FNDA:0,(anonymous_1)
FNDA:0,(anonymous_2)
DA:1,2
DA:2,2
DA:7,2
DA:8,2
DA:9,2
DA:10,2
DA:16,0
DA:21,0
DA:33,0
DA:37,0
DA:45,2
LF:11
LH:7
BRF:0
BRH:0
end_of_record
TN:
SF:/Users/rrozenv/Desktop/hedge_api/templates/portfolio.templates.ts
FNF:0
FNH:0
DA:1,1
DA:2,1
DA:17,1
LF:3
LH:3
BRF:0
BRH:0
end_of_record
TN:
SF:/Users/rrozenv/Desktop/hedge_api/templates/stock.templates.ts
FNF:0
FNH:0
DA:1,1
DA:36,1
LF:2
LH:2
BRF:0
BRH:0
end_of_record
