{"/Users/rrozenv/Desktop/hedge_api/environment.ts": {"path":"/Users/rrozenv/Desktop/hedge_api/environment.ts","statementMap":{"0":{"start":{"line":1,"column":0},"end":{"line":6,"column":null}},"1":{"start":{"line":2,"column":3},"end":{"line":2,"column":31}},"2":{"start":{"line":3,"column":3},"end":{"line":3,"column":34}},"3":{"start":{"line":4,"column":3},"end":{"line":4,"column":40}},"4":{"start":{"line":5,"column":3},"end":{"line":5,"column":38}}},"fnMap":{"0":{"name":"(anonymous_0)","decl":{"start":{"line":1,"column":17},"end":{"line":1,"column":null}},"loc":{"start":{"line":1,"column":17},"end":{"line":6,"column":1}}}},"branchMap":{},"s":{"0":1,"1":1,"2":1,"3":1,"4":1},"f":{"0":1},"b":{}}
,"/Users/rrozenv/Desktop/hedge_api/controllers/UsersController.ts": {"path":"/Users/rrozenv/Desktop/hedge_api/controllers/UsersController.ts","statementMap":{"0":{"start":{"line":1,"column":0},"end":{"line":1,"column":30}},"1":{"start":{"line":4,"column":0},"end":{"line":4,"column":22}},"2":{"start":{"line":5,"column":0},"end":{"line":5,"column":31}},"3":{"start":{"line":6,"column":0},"end":{"line":6,"column":28}},"4":{"start":{"line":7,"column":0},"end":{"line":7,"column":58}},"5":{"start":{"line":9,"column":0},"end":{"line":9,"column":54}},"6":{"start":{"line":11,"column":0},"end":{"line":11,"column":null}},"7":{"start":{"line":19,"column":4},"end":{"line":19,"column":null}},"8":{"start":{"line":14,"column":11},"end":{"line":14,"column":27}},"9":{"start":{"line":15,"column":11},"end":{"line":15,"column":39}},"10":{"start":{"line":33,"column":12},"end":{"line":56,"column":null}},"11":{"start":{"line":35,"column":16},"end":{"line":35,"column":26}},"12":{"start":{"line":36,"column":8},"end":{"line":36,"column":73}},"13":{"start":{"line":36,"column":19},"end":{"line":36,"column":73}},"14":{"start":{"line":39,"column":14},"end":{"line":39,"column":45}},"15":{"start":{"line":40,"column":19},"end":{"line":40,"column":null}},"16":{"start":{"line":40,"column":12},"end":{"line":40,"column":null}},"17":{"start":{"line":43,"column":12},"end":{"line":43,"column":13}},"18":{"start":{"line":44,"column":12},"end":{"line":48,"column":15}},"19":{"start":{"line":49,"column":12},"end":{"line":49,"column":30}},"20":{"start":{"line":53,"column":14},"end":{"line":53,"column":53}},"21":{"start":{"line":54,"column":8},"end":{"line":54,"column":51}},"22":{"start":{"line":55,"column":8},"end":{"line":55,"column":23}},"23":{"start":{"line":59,"column":12},"end":{"line":73,"column":null}},"24":{"start":{"line":61,"column":16},"end":{"line":61,"column":26}},"25":{"start":{"line":62,"column":8},"end":{"line":62,"column":73}},"26":{"start":{"line":62,"column":19},"end":{"line":62,"column":73}},"27":{"start":{"line":65,"column":16},"end":{"line":65,"column":32}},"28":{"start":{"line":66,"column":19},"end":{"line":66,"column":null}},"29":{"start":{"line":66,"column":12},"end":{"line":66,"column":null}},"30":{"start":{"line":67,"column":8},"end":{"line":67,"column":84}},"31":{"start":{"line":67,"column":19},"end":{"line":67,"column":84}},"32":{"start":{"line":70,"column":14},"end":{"line":70,"column":53}},"33":{"start":{"line":71,"column":8},"end":{"line":71,"column":51}},"34":{"start":{"line":72,"column":8},"end":{"line":72,"column":23}},"35":{"start":{"line":76,"column":12},"end":{"line":80,"column":6}},"36":{"start":{"line":77,"column":12},"end":{"line":77,"column":50}},"37":{"start":{"line":78,"column":23},"end":{"line":78,"column":null}},"38":{"start":{"line":78,"column":12},"end":{"line":78,"column":null}},"39":{"start":{"line":79,"column":6},"end":{"line":79,"column":25}},"40":{"start":{"line":83,"column":12},"end":{"line":87,"column":6}},"41":{"start":{"line":84,"column":12},"end":{"line":84,"column":50}},"42":{"start":{"line":85,"column":23},"end":{"line":85,"column":null}},"43":{"start":{"line":85,"column":12},"end":{"line":85,"column":null}},"44":{"start":{"line":86,"column":6},"end":{"line":86,"column":25}},"45":{"start":{"line":91,"column":12},"end":{"line":99,"column":null}},"46":{"start":{"line":92,"column":26},"end":{"line":92,"column":33}},"47":{"start":{"line":93,"column":31},"end":{"line":93,"column":51}},"48":{"start":{"line":95,"column":8},"end":{"line":98,"column":10}},"49":{"start":{"line":111,"column":12},"end":{"line":119,"column":null}},"50":{"start":{"line":118,"column":8},"end":{"line":118,"column":42}},"51":{"start":{"line":122,"column":12},"end":{"line":128,"column":null}},"52":{"start":{"line":127,"column":6},"end":{"line":127,"column":42}},"53":{"start":{"line":131,"column":12},"end":{"line":137,"column":null}},"54":{"start":{"line":136,"column":8},"end":{"line":136,"column":43}},"55":{"start":{"line":20,"column":6},"end":{"line":20,"column":48}},"56":{"start":{"line":21,"column":6},"end":{"line":21,"column":30}},"57":{"start":{"line":24,"column":12},"end":{"line":29,"column":null}},"58":{"start":{"line":25,"column":6},"end":{"line":25,"column":51}},"59":{"start":{"line":26,"column":6},"end":{"line":26,"column":61}},"60":{"start":{"line":27,"column":6},"end":{"line":27,"column":92}},"61":{"start":{"line":28,"column":6},"end":{"line":28,"column":100}},"62":{"start":{"line":102,"column":4},"end":{"line":107,"column":null}},"63":{"start":{"line":103,"column":8},"end":{"line":106,"column":null}},"64":{"start":{"line":139,"column":0},"end":{"line":139,"column":null}},"65":{"start":{"line":141,"column":0},"end":{"line":141,"column":31}}},"fnMap":{"0":{"name":"(anonymous_13)","decl":{"start":{"line":11,"column":0},"end":{"line":11,"column":null}},"loc":{"start":{"line":11,"column":0},"end":{"line":139,"column":null}}},"1":{"name":"UsersController","decl":{"start":{"line":19,"column":4},"end":{"line":19,"column":null}},"loc":{"start":{"line":19,"column":4},"end":{"line":22,"column":5}}},"2":{"name":"(anonymous_27)","decl":{"start":{"line":91,"column":30},"end":{"line":91,"column":31}},"loc":{"start":{"line":91,"column":45},"end":{"line":99,"column":5}}},"3":{"name":"(anonymous_28)","decl":{"start":{"line":111,"column":29},"end":{"line":111,"column":30}},"loc":{"start":{"line":111,"column":41},"end":{"line":119,"column":5}}},"4":{"name":"(anonymous_29)","decl":{"start":{"line":122,"column":28},"end":{"line":122,"column":29}},"loc":{"start":{"line":122,"column":40},"end":{"line":128,"column":3}}},"5":{"name":"(anonymous_30)","decl":{"start":{"line":131,"column":28},"end":{"line":131,"column":29}},"loc":{"start":{"line":131,"column":42},"end":{"line":137,"column":5}}},"6":{"name":"(anonymous_31)","decl":{"start":{"line":24,"column":4},"end":{"line":24,"column":12}},"loc":{"start":{"line":24,"column":4},"end":{"line":29,"column":5}}},"7":{"name":"(anonymous_32)","decl":{"start":{"line":102,"column":4},"end":{"line":102,"column":21}},"loc":{"start":{"line":102,"column":39},"end":{"line":107,"column":5}}}},"branchMap":{"0":{"loc":{"start":{"line":36,"column":8},"end":{"line":36,"column":73}},"type":"if","locations":[{"start":{"line":36,"column":8},"end":{"line":36,"column":73}},{"start":{"line":36,"column":8},"end":{"line":36,"column":73}}]},"1":{"loc":{"start":{"line":62,"column":8},"end":{"line":62,"column":73}},"type":"if","locations":[{"start":{"line":62,"column":8},"end":{"line":62,"column":73}},{"start":{"line":62,"column":8},"end":{"line":62,"column":73}}]},"2":{"loc":{"start":{"line":67,"column":8},"end":{"line":67,"column":84}},"type":"if","locations":[{"start":{"line":67,"column":8},"end":{"line":67,"column":84}},{"start":{"line":67,"column":8},"end":{"line":67,"column":84}}]}},"s":{"0":1,"1":1,"2":1,"3":1,"4":1,"5":1,"6":1,"7":1,"8":1,"9":1,"10":1,"11":0,"12":0,"13":0,"14":0,"15":0,"16":0,"17":0,"18":0,"19":0,"20":0,"21":0,"22":0,"23":1,"24":0,"25":0,"26":0,"27":0,"28":0,"29":0,"30":0,"31":0,"32":0,"33":0,"34":0,"35":1,"36":0,"37":0,"38":0,"39":0,"40":1,"41":0,"42":0,"43":0,"44":0,"45":1,"46":0,"47":0,"48":0,"49":1,"50":0,"51":1,"52":0,"53":1,"54":0,"55":1,"56":1,"57":1,"58":1,"59":1,"60":1,"61":1,"62":1,"63":1,"64":1,"65":1},"f":{"0":1,"1":1,"2":0,"3":0,"4":0,"5":0,"6":1,"7":1},"b":{"0":[0,0],"1":[0,0],"2":[0,0]}}
,"/Users/rrozenv/Desktop/hedge_api/models/user.model.ts": {"path":"/Users/rrozenv/Desktop/hedge_api/models/user.model.ts","statementMap":{"0":{"start":{"line":1,"column":0},"end":{"line":1,"column":32}},"1":{"start":{"line":6,"column":19},"end":{"line":23,"column":2}},"2":{"start":{"line":31,"column":4},"end":{"line":31,"column":14}},"3":{"start":{"line":27,"column":18},"end":{"line":27,"column":62}},"4":{"start":{"line":32,"column":4},"end":{"line":32,"column":13}}},"fnMap":{},"branchMap":{},"s":{"0":1,"1":1,"2":1,"3":1,"4":1},"f":{},"b":{}}
,"/Users/rrozenv/Desktop/hedge_api/services/TwilioService.ts": {"path":"/Users/rrozenv/Desktop/hedge_api/services/TwilioService.ts","statementMap":{"0":{"start":{"line":1,"column":0},"end":{"line":1,"column":28}},"1":{"start":{"line":2,"column":0},"end":{"line":2,"column":33}},"2":{"start":{"line":7,"column":21},"end":{"line":7,"column":49}},"3":{"start":{"line":8,"column":23},"end":{"line":8,"column":51}},"4":{"start":{"line":9,"column":16},"end":{"line":9,"column":45}},"5":{"start":{"line":10,"column":15},"end":{"line":10,"column":38}},"6":{"start":{"line":12,"column":0},"end":{"line":12,"column":null}},"7":{"start":{"line":15,"column":10},"end":{"line":29,"column":null}},"8":{"start":{"line":16,"column":24},"end":{"line":19,"column":null}},"9":{"start":{"line":16,"column":14},"end":{"line":19,"column":null}},"10":{"start":{"line":21,"column":8},"end":{"line":28,"column":10}},"11":{"start":{"line":32,"column":10},"end":{"line":41,"column":6}},"12":{"start":{"line":33,"column":24},"end":{"line":35,"column":null}},"13":{"start":{"line":33,"column":14},"end":{"line":35,"column":null}},"14":{"start":{"line":37,"column":8},"end":{"line":40,"column":10}},"15":{"start":{"line":43,"column":0},"end":{"line":43,"column":null}},"16":{"start":{"line":45,"column":0},"end":{"line":45,"column":29}}},"fnMap":{"0":{"name":"(anonymous_13)","decl":{"start":{"line":12,"column":0},"end":{"line":12,"column":null}},"loc":{"start":{"line":12,"column":0},"end":{"line":43,"column":null}}}},"branchMap":{},"s":{"0":1,"1":1,"2":1,"3":1,"4":1,"5":1,"6":1,"7":1,"8":0,"9":0,"10":0,"11":1,"12":0,"13":0,"14":0,"15":1,"16":1},"f":{"0":2},"b":{}}
}
