TN:
SF:/Users/rrozenv/Desktop/hedge_api/environment.ts
FN:1,(anonymous_0)
FNF:1
FNH:1
FNDA:1,(anonymous_0)
DA:1,1
DA:2,1
DA:3,1
DA:4,1
DA:5,1
LF:5
LH:5
BRF:0
BRH:0
end_of_record
TN:
SF:/Users/rrozenv/Desktop/hedge_api/controllers/UsersController.ts
FN:11,(anonymous_13)
FN:19,UsersController
FN:91,(anonymous_27)
FN:111,(anonymous_28)
FN:122,(anonymous_29)
FN:131,(anonymous_30)
FN:24,(anonymous_31)
FN:102,(anonymous_32)
FNF:8
FNH:4
FNDA:1,(anonymous_13)
FNDA:1,UsersController
FNDA:0,(anonymous_27)
FNDA:0,(anonymous_28)
FNDA:0,(anonymous_29)
FNDA:0,(anonymous_30)
FNDA:1,(anonymous_31)
FNDA:1,(anonymous_32)
DA:1,1
DA:4,1
DA:5,1
DA:6,1
DA:7,1
DA:9,1
DA:11,1
DA:14,1
DA:15,1
DA:19,1
DA:20,1
DA:21,1
DA:24,1
DA:25,1
DA:26,1
DA:27,1
DA:28,1
DA:33,1
DA:35,0
DA:36,0
DA:39,0
DA:40,0
DA:43,0
DA:44,0
DA:49,0
DA:53,0
DA:54,0
DA:55,0
DA:59,1
DA:61,0
DA:62,0
DA:65,0
DA:66,0
DA:67,0
DA:70,0
DA:71,0
DA:72,0
DA:76,1
DA:77,0
DA:78,0
DA:79,0
DA:83,1
DA:84,0
DA:85,0
DA:86,0
DA:91,1
DA:92,0
DA:93,0
DA:95,0
DA:102,1
DA:103,1
DA:111,1
DA:118,0
DA:122,1
DA:127,0
DA:131,1
DA:136,0
DA:139,1
DA:141,1
LF:59
LH:29
BRDA:36,0,0,0
BRDA:36,0,1,0
BRDA:62,1,0,0
BRDA:62,1,1,0
BRDA:67,2,0,0
BRDA:67,2,1,0
BRF:6
BRH:0
end_of_record
TN:
SF:/Users/rrozenv/Desktop/hedge_api/models/user.model.ts
FNF:0
FNH:0
DA:1,1
DA:6,1
DA:27,1
DA:31,1
DA:32,1
LF:5
LH:5
BRF:0
BRH:0
end_of_record
TN:
SF:/Users/rrozenv/Desktop/hedge_api/services/TwilioService.ts
FN:12,(anonymous_13)
FNF:1
FNH:1
FNDA:2,(anonymous_13)
DA:1,1
DA:2,1
DA:7,1
DA:8,1
DA:9,1
DA:10,1
DA:12,1
DA:15,1
DA:16,0
DA:21,0
DA:32,1
DA:33,0
DA:37,0
DA:43,1
DA:45,1
LF:15
LH:11
BRF:0
BRH:0
end_of_record
